2023-11-13 00:03:15.058  WARN 45077 --- [HikariPool-1 housekeeper] com.zaxxer.hikari.pool.HikariPool        : HikariPool-1 - Thread starvation or clock leap detected (housekeeper delta=15m54s997ms).
2023-11-13 00:19:10.066  WARN 45077 --- [HikariPool-1 housekeeper] com.zaxxer.hikari.pool.HikariPool        : HikariPool-1 - Thread starvation or clock leap detected (housekeeper delta=15m55s8ms).
2023-11-13 00:20:04.973  WARN 45077 --- [HikariPool-1 housekeeper] com.zaxxer.hikari.pool.HikariPool        : HikariPool-1 - Thread starvation or clock leap detected (housekeeper delta=54s906ms).
2023-11-13 00:35:59.961  WARN 45077 --- [HikariPool-1 housekeeper] com.zaxxer.hikari.pool.HikariPool        : HikariPool-1 - Thread starvation or clock leap detected (housekeeper delta=15m54s989ms).
2023-11-13 00:51:54.964  WARN 45077 --- [HikariPool-1 housekeeper] com.zaxxer.hikari.pool.HikariPool        : HikariPool-1 - Thread starvation or clock leap detected (housekeeper delta=15m55s3ms).
2023-11-13 01:08:19.145  WARN 45077 --- [HikariPool-1 housekeeper] com.zaxxer.hikari.pool.HikariPool        : HikariPool-1 - Thread starvation or clock leap detected (housekeeper delta=15m54s165ms).
2023-11-13 01:24:44.136  WARN 45077 --- [HikariPool-1 housekeeper] com.zaxxer.hikari.pool.HikariPool        : HikariPool-1 - Thread starvation or clock leap detected (housekeeper delta=15m54s993ms).
2023-11-13 01:40:39.117  WARN 45077 --- [HikariPool-1 housekeeper] com.zaxxer.hikari.pool.HikariPool        : HikariPool-1 - Thread starvation or clock leap detected (housekeeper delta=15m54s981ms).
2023-11-13 01:47:23.532  WARN 45077 --- [HikariPool-1 housekeeper] com.zaxxer.hikari.pool.HikariPool        : HikariPool-1 - Thread starvation or clock leap detected (housekeeper delta=6m44s415ms).
2023-11-13 02:03:48.534  WARN 45077 --- [HikariPool-1 housekeeper] com.zaxxer.hikari.pool.HikariPool        : HikariPool-1 - Thread starvation or clock leap detected (housekeeper delta=15m54s993ms).
2023-11-13 02:19:43.532  WARN 45077 --- [HikariPool-1 housekeeper] com.zaxxer.hikari.pool.HikariPool        : HikariPool-1 - Thread starvation or clock leap detected (housekeeper delta=15m54s998ms).
2023-11-13 02:36:08.532  WARN 45077 --- [HikariPool-1 housekeeper] com.zaxxer.hikari.pool.HikariPool        : HikariPool-1 - Thread starvation or clock leap detected (housekeeper delta=15m54s996ms).
2023-11-13 02:52:27.659  WARN 45077 --- [HikariPool-1 housekeeper] com.zaxxer.hikari.pool.HikariPool        : HikariPool-1 - Thread starvation or clock leap detected (housekeeper delta=16m19s127ms).
2023-11-13 03:08:52.642  WARN 45077 --- [HikariPool-1 housekeeper] com.zaxxer.hikari.pool.HikariPool        : HikariPool-1 - Thread starvation or clock leap detected (housekeeper delta=15m54s976ms).
2023-11-13 03:24:47.628  WARN 45077 --- [HikariPool-1 housekeeper] com.zaxxer.hikari.pool.HikariPool        : HikariPool-1 - Thread starvation or clock leap detected (housekeeper delta=15m54s986ms).
2023-11-13 03:56:11.537  WARN 45077 --- [HikariPool-1 housekeeper] com.zaxxer.hikari.pool.HikariPool        : HikariPool-1 - Thread starvation or clock leap detected (housekeeper delta=30m53s899ms).
2023-11-13 04:12:31.453  WARN 45077 --- [HikariPool-1 housekeeper] com.zaxxer.hikari.pool.HikariPool        : HikariPool-1 - Thread starvation or clock leap detected (housekeeper delta=16m19s916ms).
2023-11-13 04:29:09.102  WARN 45077 --- [HikariPool-1 housekeeper] com.zaxxer.hikari.pool.HikariPool        : HikariPool-1 - Thread starvation or clock leap detected (housekeeper delta=16m7s633ms).
2023-11-13 04:45:34.088  WARN 45077 --- [HikariPool-1 housekeeper] com.zaxxer.hikari.pool.HikariPool        : HikariPool-1 - Thread starvation or clock leap detected (housekeeper delta=15m54s983ms).
2023-11-13 05:01:29.080  WARN 45077 --- [HikariPool-1 housekeeper] com.zaxxer.hikari.pool.HikariPool        : HikariPool-1 - Thread starvation or clock leap detected (housekeeper delta=15m54s992ms).
2023-11-13 05:17:24.082  WARN 45077 --- [HikariPool-1 housekeeper] com.zaxxer.hikari.pool.HikariPool        : HikariPool-1 - Thread starvation or clock leap detected (housekeeper delta=15m55s2ms).
2023-11-13 05:33:49.097  WARN 45077 --- [HikariPool-1 housekeeper] com.zaxxer.hikari.pool.HikariPool        : HikariPool-1 - Thread starvation or clock leap detected (housekeeper delta=15m54s999ms).
2023-11-13 05:44:44.325  WARN 45077 --- [HikariPool-1 housekeeper] com.zaxxer.hikari.pool.HikariPool        : HikariPool-1 - Thread starvation or clock leap detected (housekeeper delta=10m25s222ms).
2023-11-13 06:00:39.331  WARN 45077 --- [HikariPool-1 housekeeper] com.zaxxer.hikari.pool.HikariPool        : HikariPool-1 - Thread starvation or clock leap detected (housekeeper delta=15m55s6ms).
2023-11-13 06:17:04.314  WARN 45077 --- [HikariPool-1 housekeeper] com.zaxxer.hikari.pool.HikariPool        : HikariPool-1 - Thread starvation or clock leap detected (housekeeper delta=15m54s980ms).
2023-11-13 06:33:18.578  WARN 45077 --- [HikariPool-1 housekeeper] com.zaxxer.hikari.pool.HikariPool        : HikariPool-1 - Thread starvation or clock leap detected (housekeeper delta=16m14s265ms).
2023-11-13 06:34:13.561  WARN 45077 --- [HikariPool-1 housekeeper] com.zaxxer.hikari.pool.HikariPool        : HikariPool-1 - Thread starvation or clock leap detected (housekeeper delta=54s982ms).
2023-11-13 06:50:27.331  WARN 45077 --- [HikariPool-1 housekeeper] com.zaxxer.hikari.pool.HikariPool        : HikariPool-1 - Thread starvation or clock leap detected (housekeeper delta=16m13s770ms).
2023-11-13 07:06:22.326  WARN 45077 --- [HikariPool-1 housekeeper] com.zaxxer.hikari.pool.HikariPool        : HikariPool-1 - Thread starvation or clock leap detected (housekeeper delta=15m54s996ms).
2023-11-13 07:22:47.326  WARN 45077 --- [HikariPool-1 housekeeper] com.zaxxer.hikari.pool.HikariPool        : HikariPool-1 - Thread starvation or clock leap detected (housekeeper delta=15m54s995ms).
2023-11-13 07:38:42.316  WARN 45077 --- [HikariPool-1 housekeeper] com.zaxxer.hikari.pool.HikariPool        : HikariPool-1 - Thread starvation or clock leap detected (housekeeper delta=15m54s989ms).
2023-11-13 07:44:56.845  WARN 45077 --- [HikariPool-1 housekeeper] com.zaxxer.hikari.pool.HikariPool        : HikariPool-1 - Thread starvation or clock leap detected (housekeeper delta=6m14s530ms).
2023-11-13 08:01:24.700  WARN 45077 --- [HikariPool-1 housekeeper] com.zaxxer.hikari.pool.HikariPool        : HikariPool-1 - Thread starvation or clock leap detected (housekeeper delta=15m57s844ms).
2023-11-13 08:17:19.695  WARN 45077 --- [HikariPool-1 housekeeper] com.zaxxer.hikari.pool.HikariPool        : HikariPool-1 - Thread starvation or clock leap detected (housekeeper delta=15m54s995ms).
2023-11-13 08:33:14.683  WARN 45077 --- [HikariPool-1 housekeeper] com.zaxxer.hikari.pool.HikariPool        : HikariPool-1 - Thread starvation or clock leap detected (housekeeper delta=15m54s988ms).
2023-11-13 08:46:07.504  WARN 45077 --- [HikariPool-1 housekeeper] com.zaxxer.hikari.pool.HikariPool        : HikariPool-1 - Thread starvation or clock leap detected (housekeeper delta=12m22s816ms).
2023-11-13 09:02:02.492  WARN 45077 --- [HikariPool-1 housekeeper] com.zaxxer.hikari.pool.HikariPool        : HikariPool-1 - Thread starvation or clock leap detected (housekeeper delta=15m54s988ms).
2023-11-13 09:18:27.481  WARN 45077 --- [HikariPool-1 housekeeper] com.zaxxer.hikari.pool.HikariPool        : HikariPool-1 - Thread starvation or clock leap detected (housekeeper delta=15m54s991ms).
2023-11-13 09:34:22.585  WARN 45077 --- [HikariPool-1 housekeeper] com.zaxxer.hikari.pool.HikariPool        : HikariPool-1 - Thread starvation or clock leap detected (housekeeper delta=15m55s104ms).
2023-11-13 09:47:17.726  WARN 45077 --- [HikariPool-1 housekeeper] com.zaxxer.hikari.pool.HikariPool        : HikariPool-1 - Thread starvation or clock leap detected (housekeeper delta=12m25s7ms).
2023-11-13 10:03:12.714  WARN 45077 --- [HikariPool-1 housekeeper] com.zaxxer.hikari.pool.HikariPool        : HikariPool-1 - Thread starvation or clock leap detected (housekeeper delta=15m54s988ms).
2023-11-13 10:19:37.743  WARN 45077 --- [HikariPool-1 housekeeper] com.zaxxer.hikari.pool.HikariPool        : HikariPool-1 - Thread starvation or clock leap detected (housekeeper delta=15m55s7ms).
2023-11-13 10:30:08.514  WARN 45077 --- [HikariPool-1 housekeeper] com.zaxxer.hikari.pool.HikariPool        : HikariPool-1 - Thread starvation or clock leap detected (housekeeper delta=10m30s771ms).
2023-11-13 10:46:03.516  WARN 45077 --- [HikariPool-1 housekeeper] com.zaxxer.hikari.pool.HikariPool        : HikariPool-1 - Thread starvation or clock leap detected (housekeeper delta=15m55s1ms).
2023-11-13 10:48:08.606  WARN 45077 --- [HikariPool-1 housekeeper] com.zaxxer.hikari.pool.HikariPool        : HikariPool-1 - Thread starvation or clock leap detected (housekeeper delta=1m35s81ms).
2023-11-13 10:50:02.541  WARN 45077 --- [HikariPool-1 housekeeper] com.zaxxer.hikari.pool.HikariPool        : HikariPool-1 - Thread starvation or clock leap detected (housekeeper delta=1m53s935ms).
2023-11-13 10:55:40.429  WARN 45077 --- [HikariPool-1 housekeeper] com.zaxxer.hikari.pool.HikariPool        : HikariPool-1 - Thread starvation or clock leap detected (housekeeper delta=5m7s878ms).
2023-11-13 10:56:35.358  WARN 45077 --- [HikariPool-1 housekeeper] com.zaxxer.hikari.pool.HikariPool        : HikariPool-1 - Thread starvation or clock leap detected (housekeeper delta=54s929ms).
2023-11-13 11:38:24.259  INFO 45077 --- [SpringApplicationShutdownHook] j.LocalContainerEntityManagerFactoryBean : Closing JPA EntityManagerFactory for persistence unit 'default'
2023-11-13 11:38:24.263  INFO 45077 --- [SpringApplicationShutdownHook] com.zaxxer.hikari.HikariDataSource       : HikariPool-1 - Shutdown initiated...
2023-11-13 11:38:24.264  INFO 45077 --- [SpringApplicationShutdownHook] com.zaxxer.hikari.HikariDataSource       : HikariPool-1 - Shutdown completed.
2023-11-13 11:38:31.580  INFO 46430 --- [main] c.c.s.SpringBootShoppingApplication      : Starting SpringBootShoppingApplication using Java 18.0.2.1 on Ashiths-MacBook-Air.local with PID 46430 (/Users/ashithvl/Github Projects/spring-boot-shopping/target/classes started by ashithvl in /Users/ashithvl/Github Projects/spring-boot-shopping)
2023-11-13 11:38:31.582  INFO 46430 --- [main] c.c.s.SpringBootShoppingApplication      : No active profile set, falling back to 1 default profile: "default"
2023-11-13 11:38:31.978  INFO 46430 --- [main] .s.d.r.c.RepositoryConfigurationDelegate : Bootstrapping Spring Data JPA repositories in DEFAULT mode.
2023-11-13 11:38:32.007  INFO 46430 --- [main] .s.d.r.c.RepositoryConfigurationDelegate : Finished Spring Data repository scanning in 25 ms. Found 8 JPA repository interfaces.
2023-11-13 11:38:32.301  INFO 46430 --- [main] o.s.b.w.embedded.tomcat.TomcatWebServer  : Tomcat initialized with port(s): 8080 (http)
2023-11-13 11:38:32.305  INFO 46430 --- [main] o.apache.catalina.core.StandardService   : Starting service [Tomcat]
2023-11-13 11:38:32.305  INFO 46430 --- [main] org.apache.catalina.core.StandardEngine  : Starting Servlet engine: [Apache Tomcat/9.0.65]
2023-11-13 11:38:32.348  INFO 46430 --- [main] o.a.c.c.C.[Tomcat].[localhost].[/]       : Initializing Spring embedded WebApplicationContext
2023-11-13 11:38:32.348  INFO 46430 --- [main] w.s.c.ServletWebServerApplicationContext : Root WebApplicationContext: initialization completed in 746 ms
2023-11-13 11:38:32.363  INFO 46430 --- [main] com.zaxxer.hikari.HikariDataSource       : HikariPool-1 - Starting...
2023-11-13 11:38:32.446  INFO 46430 --- [main] com.zaxxer.hikari.HikariDataSource       : HikariPool-1 - Start completed.
2023-11-13 11:38:32.454  INFO 46430 --- [main] o.s.b.a.h2.H2ConsoleAutoConfiguration    : H2 console available at '/h2-console'. Database available at 'jdbc:h2:mem:shopping'
2023-11-13 11:38:32.513  INFO 46430 --- [main] o.hibernate.jpa.internal.util.LogHelper  : HHH000204: Processing PersistenceUnitInfo [name: default]
2023-11-13 11:38:32.536  INFO 46430 --- [main] org.hibernate.Version                    : HHH000412: Hibernate ORM core version 5.6.10.Final
2023-11-13 11:38:32.600  INFO 46430 --- [main] o.hibernate.annotations.common.Version   : HCANN000001: Hibernate Commons Annotations {5.1.2.Final}
2023-11-13 11:38:32.638  INFO 46430 --- [main] org.hibernate.dialect.Dialect            : HHH000400: Using dialect: org.hibernate.dialect.H2Dialect
2023-11-13 11:38:32.978  INFO 46430 --- [main] o.h.e.t.j.p.i.JtaPlatformInitiator       : HHH000490: Using JtaPlatform implementation: [org.hibernate.engine.transaction.jta.platform.internal.NoJtaPlatform]
2023-11-13 11:38:32.981  INFO 46430 --- [main] j.LocalContainerEntityManagerFactoryBean : Initialized JPA EntityManagerFactory for persistence unit 'default'
2023-11-13 11:38:33.229  WARN 46430 --- [main] JpaBaseConfiguration$JpaWebConfiguration : spring.jpa.open-in-view is enabled by default. Therefore, database queries may be performed during view rendering. Explicitly configure spring.jpa.open-in-view to disable this warning
2023-11-13 11:38:33.538  INFO 46430 --- [main] o.s.s.web.DefaultSecurityFilterChain     : Will secure any request with [org.springframework.security.web.session.DisableEncodeUrlFilter@2ccb8db3, org.springframework.security.web.context.request.async.WebAsyncManagerIntegrationFilter@3941bdd7, org.springframework.security.web.context.SecurityContextPersistenceFilter@98a0842, org.springframework.security.web.header.HeaderWriterFilter@7e0393df, org.springframework.security.web.authentication.logout.LogoutFilter@106c73ed, org.springframework.security.web.authentication.www.BasicAuthenticationFilter@798d8247, org.springframework.security.web.savedrequest.RequestCacheAwareFilter@525c0f74, org.springframework.security.web.servletapi.SecurityContextHolderAwareRequestFilter@3da12ba4, org.springframework.security.web.authentication.AnonymousAuthenticationFilter@69c7eafd, org.springframework.security.web.session.SessionManagementFilter@531bfe4b, org.springframework.security.web.access.ExceptionTranslationFilter@1df83569, org.springframework.security.web.access.intercept.FilterSecurityInterceptor@22decfa2]
2023-11-13 11:38:33.646  INFO 46430 --- [main] o.s.b.w.embedded.tomcat.TomcatWebServer  : Tomcat started on port(s): 8080 (http) with context path ''
2023-11-13 11:38:33.977  INFO 46430 --- [main] c.c.s.SpringBootShoppingApplication      : Started SpringBootShoppingApplication in 7.593 seconds (JVM running for 7.764)
2023-11-13 11:38:36.355  INFO 46430 --- [http-nio-8080-exec-1] o.a.c.c.C.[Tomcat].[localhost].[/]       : Initializing Spring DispatcherServlet 'dispatcherServlet'
2023-11-13 11:38:36.355  INFO 46430 --- [http-nio-8080-exec-1] o.s.web.servlet.DispatcherServlet        : Initializing Servlet 'dispatcherServlet'
2023-11-13 11:38:36.356  INFO 46430 --- [http-nio-8080-exec-1] o.s.web.servlet.DispatcherServlet        : Completed initialization in 1 ms
2023-11-13 11:39:14.535  INFO 46430 --- [SpringApplicationShutdownHook] j.LocalContainerEntityManagerFactoryBean : Closing JPA EntityManagerFactory for persistence unit 'default'
2023-11-13 11:39:14.538  INFO 46430 --- [SpringApplicationShutdownHook] com.zaxxer.hikari.HikariDataSource       : HikariPool-1 - Shutdown initiated...
2023-11-13 11:39:14.539  INFO 46430 --- [SpringApplicationShutdownHook] com.zaxxer.hikari.HikariDataSource       : HikariPool-1 - Shutdown completed.
2023-11-13 11:39:21.561  INFO 46461 --- [main] c.c.s.SpringBootShoppingApplication      : Starting SpringBootShoppingApplication using Java 18.0.2.1 on Ashiths-MacBook-Air.local with PID 46461 (/Users/ashithvl/Github Projects/spring-boot-shopping/target/classes started by ashithvl in /Users/ashithvl/Github Projects/spring-boot-shopping)
2023-11-13 11:39:21.562  INFO 46461 --- [main] c.c.s.SpringBootShoppingApplication      : No active profile set, falling back to 1 default profile: "default"
2023-11-13 11:39:21.964  INFO 46461 --- [main] .s.d.r.c.RepositoryConfigurationDelegate : Bootstrapping Spring Data JPA repositories in DEFAULT mode.
2023-11-13 11:39:21.993  INFO 46461 --- [main] .s.d.r.c.RepositoryConfigurationDelegate : Finished Spring Data repository scanning in 24 ms. Found 8 JPA repository interfaces.
2023-11-13 11:39:22.281  INFO 46461 --- [main] o.s.b.w.embedded.tomcat.TomcatWebServer  : Tomcat initialized with port(s): 8080 (http)
2023-11-13 11:39:22.285  INFO 46461 --- [main] o.apache.catalina.core.StandardService   : Starting service [Tomcat]
2023-11-13 11:39:22.285  INFO 46461 --- [main] org.apache.catalina.core.StandardEngine  : Starting Servlet engine: [Apache Tomcat/9.0.65]
2023-11-13 11:39:22.327  INFO 46461 --- [main] o.a.c.c.C.[Tomcat].[localhost].[/]       : Initializing Spring embedded WebApplicationContext
2023-11-13 11:39:22.327  INFO 46461 --- [main] w.s.c.ServletWebServerApplicationContext : Root WebApplicationContext: initialization completed in 745 ms
2023-11-13 11:39:22.342  INFO 46461 --- [main] com.zaxxer.hikari.HikariDataSource       : HikariPool-1 - Starting...
2023-11-13 11:39:22.418  INFO 46461 --- [main] com.zaxxer.hikari.HikariDataSource       : HikariPool-1 - Start completed.
2023-11-13 11:39:22.423  INFO 46461 --- [main] o.s.b.a.h2.H2ConsoleAutoConfiguration    : H2 console available at '/h2-console'. Database available at 'jdbc:h2:mem:shopping'
2023-11-13 11:39:22.487  INFO 46461 --- [main] o.hibernate.jpa.internal.util.LogHelper  : HHH000204: Processing PersistenceUnitInfo [name: default]
2023-11-13 11:39:22.510  INFO 46461 --- [main] org.hibernate.Version                    : HHH000412: Hibernate ORM core version 5.6.10.Final
2023-11-13 11:39:22.575  INFO 46461 --- [main] o.hibernate.annotations.common.Version   : HCANN000001: Hibernate Commons Annotations {5.1.2.Final}
2023-11-13 11:39:22.613  INFO 46461 --- [main] org.hibernate.dialect.Dialect            : HHH000400: Using dialect: org.hibernate.dialect.H2Dialect
2023-11-13 11:39:22.954  INFO 46461 --- [main] o.h.e.t.j.p.i.JtaPlatformInitiator       : HHH000490: Using JtaPlatform implementation: [org.hibernate.engine.transaction.jta.platform.internal.NoJtaPlatform]
2023-11-13 11:39:22.957  INFO 46461 --- [main] j.LocalContainerEntityManagerFactoryBean : Initialized JPA EntityManagerFactory for persistence unit 'default'
2023-11-13 11:39:23.200  WARN 46461 --- [main] JpaBaseConfiguration$JpaWebConfiguration : spring.jpa.open-in-view is enabled by default. Therefore, database queries may be performed during view rendering. Explicitly configure spring.jpa.open-in-view to disable this warning
2023-11-13 11:39:23.512  INFO 46461 --- [main] o.s.s.web.DefaultSecurityFilterChain     : Will secure any request with [org.springframework.security.web.session.DisableEncodeUrlFilter@4778c085, org.springframework.security.web.context.request.async.WebAsyncManagerIntegrationFilter@76929266, org.springframework.security.web.context.SecurityContextPersistenceFilter@5f6b1f19, org.springframework.security.web.header.HeaderWriterFilter@6202f8bf, org.springframework.security.web.authentication.logout.LogoutFilter@1e6cd1c, org.springframework.security.web.authentication.www.BasicAuthenticationFilter@2e93f91d, org.springframework.security.web.savedrequest.RequestCacheAwareFilter@cfe72b0, org.springframework.security.web.servletapi.SecurityContextHolderAwareRequestFilter@12f933c7, org.springframework.security.web.authentication.AnonymousAuthenticationFilter@20331c8e, org.springframework.security.web.session.SessionManagementFilter@1d2ce035, org.springframework.security.web.access.ExceptionTranslationFilter@7fb8d720, org.springframework.security.web.access.intercept.FilterSecurityInterceptor@301c622d]
2023-11-13 11:39:23.614  INFO 46461 --- [main] o.s.b.w.embedded.tomcat.TomcatWebServer  : Tomcat started on port(s): 8080 (http) with context path ''
2023-11-13 11:39:23.931  INFO 46461 --- [main] c.c.s.SpringBootShoppingApplication      : Started SpringBootShoppingApplication in 7.551 seconds (JVM running for 7.725)
2023-11-13 11:39:33.586  INFO 46461 --- [http-nio-8080-exec-1] o.a.c.c.C.[Tomcat].[localhost].[/]       : Initializing Spring DispatcherServlet 'dispatcherServlet'
2023-11-13 11:39:33.586  INFO 46461 --- [http-nio-8080-exec-1] o.s.web.servlet.DispatcherServlet        : Initializing Servlet 'dispatcherServlet'
2023-11-13 11:39:33.588  INFO 46461 --- [http-nio-8080-exec-1] o.s.web.servlet.DispatcherServlet        : Completed initialization in 1 ms
2023-11-13 11:40:16.581  INFO 46461 --- [SpringApplicationShutdownHook] j.LocalContainerEntityManagerFactoryBean : Closing JPA EntityManagerFactory for persistence unit 'default'
2023-11-13 11:40:16.584  INFO 46461 --- [SpringApplicationShutdownHook] com.zaxxer.hikari.HikariDataSource       : HikariPool-1 - Shutdown initiated...
2023-11-13 11:40:16.585  INFO 46461 --- [SpringApplicationShutdownHook] com.zaxxer.hikari.HikariDataSource       : HikariPool-1 - Shutdown completed.
2023-11-13 11:40:23.761  INFO 46495 --- [main] c.c.s.SpringBootShoppingApplication      : Starting SpringBootShoppingApplication using Java 18.0.2.1 on Ashiths-MacBook-Air.local with PID 46495 (/Users/ashithvl/Github Projects/spring-boot-shopping/target/classes started by ashithvl in /Users/ashithvl/Github Projects/spring-boot-shopping)
2023-11-13 11:40:23.763  INFO 46495 --- [main] c.c.s.SpringBootShoppingApplication      : No active profile set, falling back to 1 default profile: "default"
2023-11-13 11:40:24.152  INFO 46495 --- [main] .s.d.r.c.RepositoryConfigurationDelegate : Bootstrapping Spring Data JPA repositories in DEFAULT mode.
2023-11-13 11:40:24.180  INFO 46495 --- [main] .s.d.r.c.RepositoryConfigurationDelegate : Finished Spring Data repository scanning in 24 ms. Found 8 JPA repository interfaces.
2023-11-13 11:40:24.475  INFO 46495 --- [main] o.s.b.w.embedded.tomcat.TomcatWebServer  : Tomcat initialized with port(s): 8080 (http)
2023-11-13 11:40:24.480  INFO 46495 --- [main] o.apache.catalina.core.StandardService   : Starting service [Tomcat]
2023-11-13 11:40:24.480  INFO 46495 --- [main] org.apache.catalina.core.StandardEngine  : Starting Servlet engine: [Apache Tomcat/9.0.65]
2023-11-13 11:40:24.522  INFO 46495 --- [main] o.a.c.c.C.[Tomcat].[localhost].[/]       : Initializing Spring embedded WebApplicationContext
2023-11-13 11:40:24.522  INFO 46495 --- [main] w.s.c.ServletWebServerApplicationContext : Root WebApplicationContext: initialization completed in 739 ms
2023-11-13 11:40:24.538  INFO 46495 --- [main] com.zaxxer.hikari.HikariDataSource       : HikariPool-1 - Starting...
2023-11-13 11:40:24.619  INFO 46495 --- [main] com.zaxxer.hikari.HikariDataSource       : HikariPool-1 - Start completed.
2023-11-13 11:40:24.628  INFO 46495 --- [main] o.s.b.a.h2.H2ConsoleAutoConfiguration    : H2 console available at '/h2-console'. Database available at 'jdbc:h2:mem:shopping'
2023-11-13 11:40:24.691  INFO 46495 --- [main] o.hibernate.jpa.internal.util.LogHelper  : HHH000204: Processing PersistenceUnitInfo [name: default]
2023-11-13 11:40:24.714  INFO 46495 --- [main] org.hibernate.Version                    : HHH000412: Hibernate ORM core version 5.6.10.Final
2023-11-13 11:40:24.779  INFO 46495 --- [main] o.hibernate.annotations.common.Version   : HCANN000001: Hibernate Commons Annotations {5.1.2.Final}
2023-11-13 11:40:24.816  INFO 46495 --- [main] org.hibernate.dialect.Dialect            : HHH000400: Using dialect: org.hibernate.dialect.H2Dialect
2023-11-13 11:40:25.167  INFO 46495 --- [main] o.h.e.t.j.p.i.JtaPlatformInitiator       : HHH000490: Using JtaPlatform implementation: [org.hibernate.engine.transaction.jta.platform.internal.NoJtaPlatform]
2023-11-13 11:40:25.171  INFO 46495 --- [main] j.LocalContainerEntityManagerFactoryBean : Initialized JPA EntityManagerFactory for persistence unit 'default'
2023-11-13 11:40:25.418  WARN 46495 --- [main] JpaBaseConfiguration$JpaWebConfiguration : spring.jpa.open-in-view is enabled by default. Therefore, database queries may be performed during view rendering. Explicitly configure spring.jpa.open-in-view to disable this warning
2023-11-13 11:40:25.728  INFO 46495 --- [main] o.s.s.web.DefaultSecurityFilterChain     : Will secure any request with [org.springframework.security.web.session.DisableEncodeUrlFilter@71eead09, org.springframework.security.web.context.request.async.WebAsyncManagerIntegrationFilter@586af46, org.springframework.security.web.context.SecurityContextPersistenceFilter@19f9287a, org.springframework.security.web.header.HeaderWriterFilter@60ae950f, org.springframework.security.web.authentication.logout.LogoutFilter@5cdafb4d, org.springframework.security.web.authentication.www.BasicAuthenticationFilter@2c1b10f2, org.springframework.security.web.savedrequest.RequestCacheAwareFilter@7e9d171c, org.springframework.security.web.servletapi.SecurityContextHolderAwareRequestFilter@3a1540be, org.springframework.security.web.authentication.AnonymousAuthenticationFilter@1267adbe, org.springframework.security.web.session.SessionManagementFilter@6d97a357, org.springframework.security.web.access.ExceptionTranslationFilter@7ef8899d, org.springframework.security.web.access.intercept.FilterSecurityInterceptor@41623694]
2023-11-13 11:40:25.830  INFO 46495 --- [main] o.s.b.w.embedded.tomcat.TomcatWebServer  : Tomcat started on port(s): 8080 (http) with context path ''
2023-11-13 11:40:26.156  INFO 46495 --- [main] c.c.s.SpringBootShoppingApplication      : Started SpringBootShoppingApplication in 7.601 seconds (JVM running for 7.78)
2023-11-13 11:43:29.504  INFO 46495 --- [http-nio-8080-exec-1] o.a.c.c.C.[Tomcat].[localhost].[/]       : Initializing Spring DispatcherServlet 'dispatcherServlet'
2023-11-13 11:43:29.504  INFO 46495 --- [http-nio-8080-exec-1] o.s.web.servlet.DispatcherServlet        : Initializing Servlet 'dispatcherServlet'
2023-11-13 11:43:29.505  INFO 46495 --- [http-nio-8080-exec-1] o.s.web.servlet.DispatcherServlet        : Completed initialization in 1 ms
2023-11-13 11:45:04.672  INFO 46495 --- [SpringApplicationShutdownHook] j.LocalContainerEntityManagerFactoryBean : Closing JPA EntityManagerFactory for persistence unit 'default'
2023-11-13 11:45:04.675  INFO 46495 --- [SpringApplicationShutdownHook] com.zaxxer.hikari.HikariDataSource       : HikariPool-1 - Shutdown initiated...
2023-11-13 11:45:04.676  INFO 46495 --- [SpringApplicationShutdownHook] com.zaxxer.hikari.HikariDataSource       : HikariPool-1 - Shutdown completed.
2023-11-13 11:45:10.841  INFO 46535 --- [main] c.c.s.SpringBootShoppingApplication      : Starting SpringBootShoppingApplication using Java 18.0.2.1 on Ashiths-MacBook-Air.local with PID 46535 (/Users/ashithvl/Github Projects/spring-boot-shopping/target/classes started by ashithvl in /Users/ashithvl/Github Projects/spring-boot-shopping)
2023-11-13 11:45:10.842  INFO 46535 --- [main] c.c.s.SpringBootShoppingApplication      : No active profile set, falling back to 1 default profile: "default"
2023-11-13 11:45:11.233  INFO 46535 --- [main] .s.d.r.c.RepositoryConfigurationDelegate : Bootstrapping Spring Data JPA repositories in DEFAULT mode.
2023-11-13 11:45:11.262  INFO 46535 --- [main] .s.d.r.c.RepositoryConfigurationDelegate : Finished Spring Data repository scanning in 24 ms. Found 8 JPA repository interfaces.
2023-11-13 11:45:11.543  INFO 46535 --- [main] o.s.b.w.embedded.tomcat.TomcatWebServer  : Tomcat initialized with port(s): 8080 (http)
2023-11-13 11:45:11.547  INFO 46535 --- [main] o.apache.catalina.core.StandardService   : Starting service [Tomcat]
2023-11-13 11:45:11.547  INFO 46535 --- [main] org.apache.catalina.core.StandardEngine  : Starting Servlet engine: [Apache Tomcat/9.0.65]
2023-11-13 11:45:11.589  INFO 46535 --- [main] o.a.c.c.C.[Tomcat].[localhost].[/]       : Initializing Spring embedded WebApplicationContext
2023-11-13 11:45:11.589  INFO 46535 --- [main] w.s.c.ServletWebServerApplicationContext : Root WebApplicationContext: initialization completed in 726 ms
2023-11-13 11:45:11.606  INFO 46535 --- [main] com.zaxxer.hikari.HikariDataSource       : HikariPool-1 - Starting...
2023-11-13 11:45:11.679  INFO 46535 --- [main] com.zaxxer.hikari.HikariDataSource       : HikariPool-1 - Start completed.
2023-11-13 11:45:11.687  INFO 46535 --- [main] o.s.b.a.h2.H2ConsoleAutoConfiguration    : H2 console available at '/h2-console'. Database available at 'jdbc:h2:mem:shopping'
2023-11-13 11:45:11.752  INFO 46535 --- [main] o.hibernate.jpa.internal.util.LogHelper  : HHH000204: Processing PersistenceUnitInfo [name: default]
2023-11-13 11:45:11.775  INFO 46535 --- [main] org.hibernate.Version                    : HHH000412: Hibernate ORM core version 5.6.10.Final
2023-11-13 11:45:11.838  INFO 46535 --- [main] o.hibernate.annotations.common.Version   : HCANN000001: Hibernate Commons Annotations {5.1.2.Final}
2023-11-13 11:45:11.878  INFO 46535 --- [main] org.hibernate.dialect.Dialect            : HHH000400: Using dialect: org.hibernate.dialect.H2Dialect
2023-11-13 11:45:12.214  INFO 46535 --- [main] o.h.e.t.j.p.i.JtaPlatformInitiator       : HHH000490: Using JtaPlatform implementation: [org.hibernate.engine.transaction.jta.platform.internal.NoJtaPlatform]
2023-11-13 11:45:12.217  INFO 46535 --- [main] j.LocalContainerEntityManagerFactoryBean : Initialized JPA EntityManagerFactory for persistence unit 'default'
2023-11-13 11:45:12.484  WARN 46535 --- [main] JpaBaseConfiguration$JpaWebConfiguration : spring.jpa.open-in-view is enabled by default. Therefore, database queries may be performed during view rendering. Explicitly configure spring.jpa.open-in-view to disable this warning
2023-11-13 11:45:12.806  INFO 46535 --- [main] o.s.s.web.DefaultSecurityFilterChain     : Will secure any request with [org.springframework.security.web.session.DisableEncodeUrlFilter@25639668, org.springframework.security.web.context.request.async.WebAsyncManagerIntegrationFilter@2c1b10f2, org.springframework.security.web.context.SecurityContextPersistenceFilter@489989eb, org.springframework.security.web.header.HeaderWriterFilter@2981064d, org.springframework.security.web.authentication.logout.LogoutFilter@2f16c21f, org.springframework.security.web.authentication.www.BasicAuthenticationFilter@77afdbc5, org.springframework.security.web.savedrequest.RequestCacheAwareFilter@1e6cd1c, org.springframework.security.web.servletapi.SecurityContextHolderAwareRequestFilter@1dab2cf5, org.springframework.security.web.authentication.AnonymousAuthenticationFilter@f5314bc, org.springframework.security.web.session.SessionManagementFilter@702ab027, org.springframework.security.web.access.ExceptionTranslationFilter@64b0ec4a, org.springframework.security.web.access.intercept.FilterSecurityInterceptor@20331c8e]
2023-11-13 11:45:12.914  INFO 46535 --- [main] o.s.b.w.embedded.tomcat.TomcatWebServer  : Tomcat started on port(s): 8080 (http) with context path ''
2023-11-13 11:45:13.234  INFO 46535 --- [main] c.c.s.SpringBootShoppingApplication      : Started SpringBootShoppingApplication in 7.604 seconds (JVM running for 7.792)
2023-11-13 11:45:16.967  INFO 46535 --- [http-nio-8080-exec-1] o.a.c.c.C.[Tomcat].[localhost].[/]       : Initializing Spring DispatcherServlet 'dispatcherServlet'
2023-11-13 11:45:16.968  INFO 46535 --- [http-nio-8080-exec-1] o.s.web.servlet.DispatcherServlet        : Initializing Servlet 'dispatcherServlet'
2023-11-13 11:45:16.969  INFO 46535 --- [http-nio-8080-exec-1] o.s.web.servlet.DispatcherServlet        : Completed initialization in 1 ms
2023-11-13 11:52:12.515  INFO 46535 --- [SpringApplicationShutdownHook] j.LocalContainerEntityManagerFactoryBean : Closing JPA EntityManagerFactory for persistence unit 'default'
2023-11-13 11:52:12.525  INFO 46535 --- [SpringApplicationShutdownHook] com.zaxxer.hikari.HikariDataSource       : HikariPool-1 - Shutdown initiated...
2023-11-13 11:52:12.527  INFO 46535 --- [SpringApplicationShutdownHook] com.zaxxer.hikari.HikariDataSource       : HikariPool-1 - Shutdown completed.
2023-11-13 12:21:34.727  INFO 46886 --- [main] c.c.s.SpringBootShoppingApplication      : Starting SpringBootShoppingApplication using Java 18.0.2.1 on Ashiths-MacBook-Air.local with PID 46886 (/Users/ashithvl/Github Projects/spring-boot-shopping/target/classes started by ashithvl in /Users/ashithvl/Github Projects/spring-boot-shopping)
2023-11-13 12:21:34.729  INFO 46886 --- [main] c.c.s.SpringBootShoppingApplication      : No active profile set, falling back to 1 default profile: "default"
2023-11-13 12:21:35.125  INFO 46886 --- [main] .s.d.r.c.RepositoryConfigurationDelegate : Bootstrapping Spring Data JPA repositories in DEFAULT mode.
2023-11-13 12:21:35.151  INFO 46886 --- [main] .s.d.r.c.RepositoryConfigurationDelegate : Finished Spring Data repository scanning in 23 ms. Found 7 JPA repository interfaces.
2023-11-13 12:21:35.450  INFO 46886 --- [main] o.s.b.w.embedded.tomcat.TomcatWebServer  : Tomcat initialized with port(s): 8080 (http)
2023-11-13 12:21:35.454  INFO 46886 --- [main] o.apache.catalina.core.StandardService   : Starting service [Tomcat]
2023-11-13 12:21:35.455  INFO 46886 --- [main] org.apache.catalina.core.StandardEngine  : Starting Servlet engine: [Apache Tomcat/9.0.65]
2023-11-13 12:21:35.502  INFO 46886 --- [main] o.a.c.c.C.[Tomcat].[localhost].[/]       : Initializing Spring embedded WebApplicationContext
2023-11-13 12:21:35.502  INFO 46886 --- [main] w.s.c.ServletWebServerApplicationContext : Root WebApplicationContext: initialization completed in 753 ms
2023-11-13 12:21:35.518  INFO 46886 --- [main] com.zaxxer.hikari.HikariDataSource       : HikariPool-1 - Starting...
2023-11-13 12:21:35.597  INFO 46886 --- [main] com.zaxxer.hikari.HikariDataSource       : HikariPool-1 - Start completed.
2023-11-13 12:21:35.605  INFO 46886 --- [main] o.s.b.a.h2.H2ConsoleAutoConfiguration    : H2 console available at '/h2-console'. Database available at 'jdbc:h2:mem:shopping'
2023-11-13 12:21:35.671  INFO 46886 --- [main] o.hibernate.jpa.internal.util.LogHelper  : HHH000204: Processing PersistenceUnitInfo [name: default]
2023-11-13 12:21:35.695  INFO 46886 --- [main] org.hibernate.Version                    : HHH000412: Hibernate ORM core version 5.6.10.Final
2023-11-13 12:21:35.761  INFO 46886 --- [main] o.hibernate.annotations.common.Version   : HCANN000001: Hibernate Commons Annotations {5.1.2.Final}
2023-11-13 12:21:35.808  INFO 46886 --- [main] org.hibernate.dialect.Dialect            : HHH000400: Using dialect: org.hibernate.dialect.H2Dialect
2023-11-13 12:21:36.145  INFO 46886 --- [main] o.h.e.t.j.p.i.JtaPlatformInitiator       : HHH000490: Using JtaPlatform implementation: [org.hibernate.engine.transaction.jta.platform.internal.NoJtaPlatform]
2023-11-13 12:21:36.148  INFO 46886 --- [main] j.LocalContainerEntityManagerFactoryBean : Initialized JPA EntityManagerFactory for persistence unit 'default'
2023-11-13 12:21:36.393  WARN 46886 --- [main] JpaBaseConfiguration$JpaWebConfiguration : spring.jpa.open-in-view is enabled by default. Therefore, database queries may be performed during view rendering. Explicitly configure spring.jpa.open-in-view to disable this warning
2023-11-13 12:21:36.719  INFO 46886 --- [main] o.s.s.web.DefaultSecurityFilterChain     : Will secure any request with [org.springframework.security.web.session.DisableEncodeUrlFilter@80081d7, org.springframework.security.web.context.request.async.WebAsyncManagerIntegrationFilter@57d0c779, org.springframework.security.web.context.SecurityContextPersistenceFilter@3338d706, org.springframework.security.web.header.HeaderWriterFilter@3ddc5a75, org.springframework.security.web.authentication.logout.LogoutFilter@2e76ade9, org.springframework.security.web.authentication.www.BasicAuthenticationFilter@1cc878e6, org.springframework.security.web.savedrequest.RequestCacheAwareFilter@2fb555e8, org.springframework.security.web.servletapi.SecurityContextHolderAwareRequestFilter@19a544cd, org.springframework.security.web.authentication.AnonymousAuthenticationFilter@3070f59f, org.springframework.security.web.session.SessionManagementFilter@7ab8c972, org.springframework.security.web.access.ExceptionTranslationFilter@7ec5d3e1, org.springframework.security.web.access.intercept.FilterSecurityInterceptor@3a1540be]
2023-11-13 12:21:36.822  INFO 46886 --- [main] o.s.b.w.embedded.tomcat.TomcatWebServer  : Tomcat started on port(s): 8080 (http) with context path ''
2023-11-13 12:21:37.149  INFO 46886 --- [main] c.c.s.SpringBootShoppingApplication      : Started SpringBootShoppingApplication in 7.622 seconds (JVM running for 7.802)
2023-11-13 12:21:55.291  INFO 46886 --- [http-nio-8080-exec-2] o.a.c.c.C.[Tomcat].[localhost].[/]       : Initializing Spring DispatcherServlet 'dispatcherServlet'
2023-11-13 12:21:55.291  INFO 46886 --- [http-nio-8080-exec-2] o.s.web.servlet.DispatcherServlet        : Initializing Servlet 'dispatcherServlet'
2023-11-13 12:21:55.292  INFO 46886 --- [http-nio-8080-exec-2] o.s.web.servlet.DispatcherServlet        : Completed initialization in 1 ms
2023-11-13 12:32:25.450  INFO 46886 --- [SpringApplicationShutdownHook] j.LocalContainerEntityManagerFactoryBean : Closing JPA EntityManagerFactory for persistence unit 'default'
2023-11-13 12:32:25.453  INFO 46886 --- [SpringApplicationShutdownHook] com.zaxxer.hikari.HikariDataSource       : HikariPool-1 - Shutdown initiated...
2023-11-13 12:32:25.454  INFO 46886 --- [SpringApplicationShutdownHook] com.zaxxer.hikari.HikariDataSource       : HikariPool-1 - Shutdown completed.
2023-11-13 12:32:32.810  INFO 47058 --- [main] c.c.s.SpringBootShoppingApplication      : Starting SpringBootShoppingApplication using Java 18.0.2.1 on Ashiths-MacBook-Air.local with PID 47058 (/Users/ashithvl/Github Projects/spring-boot-shopping/target/classes started by ashithvl in /Users/ashithvl/Github Projects/spring-boot-shopping)
2023-11-13 12:32:32.811  INFO 47058 --- [main] c.c.s.SpringBootShoppingApplication      : No active profile set, falling back to 1 default profile: "default"
2023-11-13 12:32:33.218  INFO 47058 --- [main] .s.d.r.c.RepositoryConfigurationDelegate : Bootstrapping Spring Data JPA repositories in DEFAULT mode.
2023-11-13 12:32:33.256  INFO 47058 --- [main] .s.d.r.c.RepositoryConfigurationDelegate : Finished Spring Data repository scanning in 33 ms. Found 7 JPA repository interfaces.
2023-11-13 12:32:33.578  INFO 47058 --- [main] o.s.b.w.embedded.tomcat.TomcatWebServer  : Tomcat initialized with port(s): 8080 (http)
2023-11-13 12:32:33.582  INFO 47058 --- [main] o.apache.catalina.core.StandardService   : Starting service [Tomcat]
2023-11-13 12:32:33.582  INFO 47058 --- [main] org.apache.catalina.core.StandardEngine  : Starting Servlet engine: [Apache Tomcat/9.0.65]
2023-11-13 12:32:33.626  INFO 47058 --- [main] o.a.c.c.C.[Tomcat].[localhost].[/]       : Initializing Spring embedded WebApplicationContext
2023-11-13 12:32:33.626  INFO 47058 --- [main] w.s.c.ServletWebServerApplicationContext : Root WebApplicationContext: initialization completed in 793 ms
2023-11-13 12:32:33.643  INFO 47058 --- [main] com.zaxxer.hikari.HikariDataSource       : HikariPool-1 - Starting...
2023-11-13 12:32:33.720  INFO 47058 --- [main] com.zaxxer.hikari.HikariDataSource       : HikariPool-1 - Start completed.
2023-11-13 12:32:33.725  INFO 47058 --- [main] o.s.b.a.h2.H2ConsoleAutoConfiguration    : H2 console available at '/h2-console'. Database available at 'jdbc:h2:mem:shopping'
2023-11-13 12:32:33.790  INFO 47058 --- [main] o.hibernate.jpa.internal.util.LogHelper  : HHH000204: Processing PersistenceUnitInfo [name: default]
2023-11-13 12:32:33.815  INFO 47058 --- [main] org.hibernate.Version                    : HHH000412: Hibernate ORM core version 5.6.10.Final
2023-11-13 12:32:33.889  INFO 47058 --- [main] o.hibernate.annotations.common.Version   : HCANN000001: Hibernate Commons Annotations {5.1.2.Final}
2023-11-13 12:32:33.926  INFO 47058 --- [main] org.hibernate.dialect.Dialect            : HHH000400: Using dialect: org.hibernate.dialect.H2Dialect
2023-11-13 12:32:34.262  INFO 47058 --- [main] o.h.e.t.j.p.i.JtaPlatformInitiator       : HHH000490: Using JtaPlatform implementation: [org.hibernate.engine.transaction.jta.platform.internal.NoJtaPlatform]
2023-11-13 12:32:34.266  INFO 47058 --- [main] j.LocalContainerEntityManagerFactoryBean : Initialized JPA EntityManagerFactory for persistence unit 'default'
2023-11-13 12:32:34.524  WARN 47058 --- [main] JpaBaseConfiguration$JpaWebConfiguration : spring.jpa.open-in-view is enabled by default. Therefore, database queries may be performed during view rendering. Explicitly configure spring.jpa.open-in-view to disable this warning
2023-11-13 12:32:34.853  INFO 47058 --- [main] o.s.s.web.DefaultSecurityFilterChain     : Will secure any request with [org.springframework.security.web.session.DisableEncodeUrlFilter@489989eb, org.springframework.security.web.context.request.async.WebAsyncManagerIntegrationFilter@6d97a357, org.springframework.security.web.context.SecurityContextPersistenceFilter@3da701a1, org.springframework.security.web.header.HeaderWriterFilter@6f8035d6, org.springframework.security.web.authentication.logout.LogoutFilter@7ab8c972, org.springframework.security.web.authentication.www.BasicAuthenticationFilter@702ab027, org.springframework.security.web.savedrequest.RequestCacheAwareFilter@17d25e1d, org.springframework.security.web.servletapi.SecurityContextHolderAwareRequestFilter@359fd0a2, org.springframework.security.web.authentication.AnonymousAuthenticationFilter@1e6cd1c, org.springframework.security.web.session.SessionManagementFilter@1f39b3ba, org.springframework.security.web.access.ExceptionTranslationFilter@5ac35b17, org.springframework.security.web.access.intercept.FilterSecurityInterceptor@98a0842]
2023-11-13 12:32:34.963  INFO 47058 --- [main] o.s.b.w.embedded.tomcat.TomcatWebServer  : Tomcat started on port(s): 8080 (http) with context path ''
2023-11-13 12:32:35.295  INFO 47058 --- [main] c.c.s.SpringBootShoppingApplication      : Started SpringBootShoppingApplication in 7.706 seconds (JVM running for 7.878)
2023-11-13 12:32:35.441  INFO 47058 --- [http-nio-8080-exec-2] o.a.c.c.C.[Tomcat].[localhost].[/]       : Initializing Spring DispatcherServlet 'dispatcherServlet'
2023-11-13 12:32:35.441  INFO 47058 --- [http-nio-8080-exec-2] o.s.web.servlet.DispatcherServlet        : Initializing Servlet 'dispatcherServlet'
2023-11-13 12:32:35.442  INFO 47058 --- [http-nio-8080-exec-2] o.s.web.servlet.DispatcherServlet        : Completed initialization in 1 ms
2023-11-13 12:33:32.304  INFO 47058 --- [SpringApplicationShutdownHook] j.LocalContainerEntityManagerFactoryBean : Closing JPA EntityManagerFactory for persistence unit 'default'
2023-11-13 12:33:32.307  INFO 47058 --- [SpringApplicationShutdownHook] com.zaxxer.hikari.HikariDataSource       : HikariPool-1 - Shutdown initiated...
2023-11-13 12:33:32.308  INFO 47058 --- [SpringApplicationShutdownHook] com.zaxxer.hikari.HikariDataSource       : HikariPool-1 - Shutdown completed.
2023-11-13 12:45:34.711  INFO 47225 --- [main] c.c.s.SpringBootShoppingApplication      : Starting SpringBootShoppingApplication using Java 18.0.2.1 on Ashiths-MacBook-Air.local with PID 47225 (/Users/ashithvl/Github Projects/spring-boot-shopping/target/classes started by ashithvl in /Users/ashithvl/Github Projects/spring-boot-shopping)
2023-11-13 12:45:34.713  INFO 47225 --- [main] c.c.s.SpringBootShoppingApplication      : No active profile set, falling back to 1 default profile: "default"
2023-11-13 12:45:35.260  INFO 47225 --- [main] .s.d.r.c.RepositoryConfigurationDelegate : Bootstrapping Spring Data JPA repositories in DEFAULT mode.
2023-11-13 12:45:35.292  INFO 47225 --- [main] .s.d.r.c.RepositoryConfigurationDelegate : Finished Spring Data repository scanning in 25 ms. Found 7 JPA repository interfaces.
2023-11-13 12:45:35.611  INFO 47225 --- [main] o.s.b.w.embedded.tomcat.TomcatWebServer  : Tomcat initialized with port(s): 8080 (http)
2023-11-13 12:45:35.616  INFO 47225 --- [main] o.apache.catalina.core.StandardService   : Starting service [Tomcat]
2023-11-13 12:45:35.616  INFO 47225 --- [main] org.apache.catalina.core.StandardEngine  : Starting Servlet engine: [Apache Tomcat/9.0.65]
2023-11-13 12:45:35.663  INFO 47225 --- [main] o.a.c.c.C.[Tomcat].[localhost].[/]       : Initializing Spring embedded WebApplicationContext
2023-11-13 12:45:35.664  INFO 47225 --- [main] w.s.c.ServletWebServerApplicationContext : Root WebApplicationContext: initialization completed in 920 ms
2023-11-13 12:45:35.680  INFO 47225 --- [main] com.zaxxer.hikari.HikariDataSource       : HikariPool-1 - Starting...
2023-11-13 12:45:35.760  INFO 47225 --- [main] com.zaxxer.hikari.HikariDataSource       : HikariPool-1 - Start completed.
2023-11-13 12:45:35.768  INFO 47225 --- [main] o.s.b.a.h2.H2ConsoleAutoConfiguration    : H2 console available at '/h2-console'. Database available at 'jdbc:h2:mem:shopping'
2023-11-13 12:45:35.840  INFO 47225 --- [main] o.hibernate.jpa.internal.util.LogHelper  : HHH000204: Processing PersistenceUnitInfo [name: default]
2023-11-13 12:45:35.866  INFO 47225 --- [main] org.hibernate.Version                    : HHH000412: Hibernate ORM core version 5.6.10.Final
2023-11-13 12:45:35.940  INFO 47225 --- [main] o.hibernate.annotations.common.Version   : HCANN000001: Hibernate Commons Annotations {5.1.2.Final}
2023-11-13 12:45:35.987  INFO 47225 --- [main] org.hibernate.dialect.Dialect            : HHH000400: Using dialect: org.hibernate.dialect.H2Dialect
2023-11-13 12:45:36.375  INFO 47225 --- [main] o.h.e.t.j.p.i.JtaPlatformInitiator       : HHH000490: Using JtaPlatform implementation: [org.hibernate.engine.transaction.jta.platform.internal.NoJtaPlatform]
2023-11-13 12:45:36.378  INFO 47225 --- [main] j.LocalContainerEntityManagerFactoryBean : Initialized JPA EntityManagerFactory for persistence unit 'default'
2023-11-13 12:45:36.615  WARN 47225 --- [main] JpaBaseConfiguration$JpaWebConfiguration : spring.jpa.open-in-view is enabled by default. Therefore, database queries may be performed during view rendering. Explicitly configure spring.jpa.open-in-view to disable this warning
2023-11-13 12:45:36.942  INFO 47225 --- [main] o.s.s.web.DefaultSecurityFilterChain     : Will secure any request with [org.springframework.security.web.session.DisableEncodeUrlFilter@122a6078, org.springframework.security.web.context.request.async.WebAsyncManagerIntegrationFilter@6980fa39, org.springframework.security.web.context.SecurityContextPersistenceFilter@3b235623, org.springframework.security.web.header.HeaderWriterFilter@359fd0a2, org.springframework.security.web.authentication.logout.LogoutFilter@6037748a, org.springframework.security.web.authentication.www.BasicAuthenticationFilter@65fa1cd, org.springframework.security.web.savedrequest.RequestCacheAwareFilter@3b2114ce, org.springframework.security.web.servletapi.SecurityContextHolderAwareRequestFilter@6bab8290, org.springframework.security.web.authentication.AnonymousAuthenticationFilter@1a000fff, org.springframework.security.web.session.SessionManagementFilter@7def62d0, org.springframework.security.web.access.ExceptionTranslationFilter@6f51d1cc, org.springframework.security.web.access.intercept.FilterSecurityInterceptor@89dd102]
2023-11-13 12:45:37.041  INFO 47225 --- [main] o.s.b.w.embedded.tomcat.TomcatWebServer  : Tomcat started on port(s): 8080 (http) with context path ''
2023-11-13 12:45:37.361  INFO 47225 --- [main] c.c.s.SpringBootShoppingApplication      : Started SpringBootShoppingApplication in 7.833 seconds (JVM running for 8.005)
2023-11-13 12:45:56.741  INFO 47225 --- [SpringApplicationShutdownHook] j.LocalContainerEntityManagerFactoryBean : Closing JPA EntityManagerFactory for persistence unit 'default'
2023-11-13 12:45:56.743  INFO 47225 --- [SpringApplicationShutdownHook] com.zaxxer.hikari.HikariDataSource       : HikariPool-1 - Shutdown initiated...
2023-11-13 12:45:56.744  INFO 47225 --- [SpringApplicationShutdownHook] com.zaxxer.hikari.HikariDataSource       : HikariPool-1 - Shutdown completed.
2023-11-13 12:46:03.892  INFO 47275 --- [main] c.c.s.SpringBootShoppingApplication      : Starting SpringBootShoppingApplication using Java 18.0.2.1 on Ashiths-MacBook-Air.local with PID 47275 (/Users/ashithvl/Github Projects/spring-boot-shopping/target/classes started by ashithvl in /Users/ashithvl/Github Projects/spring-boot-shopping)
2023-11-13 12:46:03.893  INFO 47275 --- [main] c.c.s.SpringBootShoppingApplication      : No active profile set, falling back to 1 default profile: "default"
2023-11-13 12:46:04.292  INFO 47275 --- [main] .s.d.r.c.RepositoryConfigurationDelegate : Bootstrapping Spring Data JPA repositories in DEFAULT mode.
2023-11-13 12:46:04.323  INFO 47275 --- [main] .s.d.r.c.RepositoryConfigurationDelegate : Finished Spring Data repository scanning in 26 ms. Found 7 JPA repository interfaces.
2023-11-13 12:46:04.631  INFO 47275 --- [main] o.s.b.w.embedded.tomcat.TomcatWebServer  : Tomcat initialized with port(s): 8080 (http)
2023-11-13 12:46:04.636  INFO 47275 --- [main] o.apache.catalina.core.StandardService   : Starting service [Tomcat]
2023-11-13 12:46:04.636  INFO 47275 --- [main] org.apache.catalina.core.StandardEngine  : Starting Servlet engine: [Apache Tomcat/9.0.65]
2023-11-13 12:46:04.681  INFO 47275 --- [main] o.a.c.c.C.[Tomcat].[localhost].[/]       : Initializing Spring embedded WebApplicationContext
2023-11-13 12:46:04.681  INFO 47275 --- [main] w.s.c.ServletWebServerApplicationContext : Root WebApplicationContext: initialization completed in 766 ms
2023-11-13 12:46:04.697  INFO 47275 --- [main] com.zaxxer.hikari.HikariDataSource       : HikariPool-1 - Starting...
2023-11-13 12:46:04.778  INFO 47275 --- [main] com.zaxxer.hikari.HikariDataSource       : HikariPool-1 - Start completed.
2023-11-13 12:46:04.784  INFO 47275 --- [main] o.s.b.a.h2.H2ConsoleAutoConfiguration    : H2 console available at '/h2-console'. Database available at 'jdbc:h2:mem:shopping'
2023-11-13 12:46:04.855  INFO 47275 --- [main] o.hibernate.jpa.internal.util.LogHelper  : HHH000204: Processing PersistenceUnitInfo [name: default]
2023-11-13 12:46:04.878  INFO 47275 --- [main] org.hibernate.Version                    : HHH000412: Hibernate ORM core version 5.6.10.Final
2023-11-13 12:46:04.943  INFO 47275 --- [main] o.hibernate.annotations.common.Version   : HCANN000001: Hibernate Commons Annotations {5.1.2.Final}
2023-11-13 12:46:04.980  INFO 47275 --- [main] org.hibernate.dialect.Dialect            : HHH000400: Using dialect: org.hibernate.dialect.H2Dialect
2023-11-13 12:46:05.319  INFO 47275 --- [main] o.h.e.t.j.p.i.JtaPlatformInitiator       : HHH000490: Using JtaPlatform implementation: [org.hibernate.engine.transaction.jta.platform.internal.NoJtaPlatform]
2023-11-13 12:46:05.323  INFO 47275 --- [main] j.LocalContainerEntityManagerFactoryBean : Initialized JPA EntityManagerFactory for persistence unit 'default'
2023-11-13 12:46:05.554  WARN 47275 --- [main] JpaBaseConfiguration$JpaWebConfiguration : spring.jpa.open-in-view is enabled by default. Therefore, database queries may be performed during view rendering. Explicitly configure spring.jpa.open-in-view to disable this warning
2023-11-13 12:46:05.927  INFO 47275 --- [main] o.s.s.web.DefaultSecurityFilterChain     : Will secure any request with [org.springframework.security.web.session.DisableEncodeUrlFilter@1a000fff, org.springframework.security.web.context.request.async.WebAsyncManagerIntegrationFilter@7c855ef0, org.springframework.security.web.context.SecurityContextPersistenceFilter@3b2114ce, org.springframework.security.web.header.HeaderWriterFilter@510e0dd2, org.springframework.security.web.authentication.logout.LogoutFilter@14c7ab73, org.springframework.security.web.authentication.www.BasicAuthenticationFilter@6cd1ee, org.springframework.security.web.savedrequest.RequestCacheAwareFilter@4a985388, org.springframework.security.web.servletapi.SecurityContextHolderAwareRequestFilter@15c8b75c, org.springframework.security.web.authentication.AnonymousAuthenticationFilter@3dedc8b8, org.springframework.security.web.session.SessionManagementFilter@7ec5d3e1, org.springframework.security.web.access.ExceptionTranslationFilter@359fd0a2, org.springframework.security.web.access.intercept.FilterSecurityInterceptor@3f908a10]
2023-11-13 12:46:06.047  INFO 47275 --- [main] o.s.b.w.embedded.tomcat.TomcatWebServer  : Tomcat started on port(s): 8080 (http) with context path ''
2023-11-13 12:46:06.465  INFO 47275 --- [main] c.c.s.SpringBootShoppingApplication      : Started SpringBootShoppingApplication in 7.785 seconds (JVM running for 7.956)
2023-11-13 12:46:26.945  INFO 47275 --- [http-nio-8080-exec-1] o.a.c.c.C.[Tomcat].[localhost].[/]       : Initializing Spring DispatcherServlet 'dispatcherServlet'
2023-11-13 12:46:26.946  INFO 47275 --- [http-nio-8080-exec-1] o.s.web.servlet.DispatcherServlet        : Initializing Servlet 'dispatcherServlet'
2023-11-13 12:46:26.947  INFO 47275 --- [http-nio-8080-exec-1] o.s.web.servlet.DispatcherServlet        : Completed initialization in 1 ms
2023-11-13 12:51:29.837  WARN 47275 --- [HikariPool-1 housekeeper] com.zaxxer.hikari.pool.HikariPool        : HikariPool-1 - Thread starvation or clock leap detected (housekeeper delta=54s925ms).
2023-11-13 12:55:14.253  WARN 47275 --- [HikariPool-1 housekeeper] com.zaxxer.hikari.pool.HikariPool        : HikariPool-1 - Thread starvation or clock leap detected (housekeeper delta=3m44s417ms).
2023-11-13 13:01:34.135  WARN 47275 --- [HikariPool-1 housekeeper] com.zaxxer.hikari.pool.HikariPool        : HikariPool-1 - Thread starvation or clock leap detected (housekeeper delta=1m19s844ms).
2023-11-13 13:06:05.939  INFO 47275 --- [SpringApplicationShutdownHook] j.LocalContainerEntityManagerFactoryBean : Closing JPA EntityManagerFactory for persistence unit 'default'
2023-11-13 13:06:05.942  INFO 47275 --- [SpringApplicationShutdownHook] com.zaxxer.hikari.HikariDataSource       : HikariPool-1 - Shutdown initiated...
2023-11-13 13:06:05.943  INFO 47275 --- [SpringApplicationShutdownHook] com.zaxxer.hikari.HikariDataSource       : HikariPool-1 - Shutdown completed.
2023-11-13 13:06:13.034  INFO 47475 --- [main] c.c.s.SpringBootShoppingApplication      : Starting SpringBootShoppingApplication using Java 18.0.2.1 on Ashiths-MacBook-Air.local with PID 47475 (/Users/ashithvl/Github Projects/spring-boot-shopping/target/classes started by ashithvl in /Users/ashithvl/Github Projects/spring-boot-shopping)
2023-11-13 13:06:13.035  INFO 47475 --- [main] c.c.s.SpringBootShoppingApplication      : No active profile set, falling back to 1 default profile: "default"
2023-11-13 13:06:13.422  INFO 47475 --- [main] .s.d.r.c.RepositoryConfigurationDelegate : Bootstrapping Spring Data JPA repositories in DEFAULT mode.
2023-11-13 13:06:13.449  INFO 47475 --- [main] .s.d.r.c.RepositoryConfigurationDelegate : Finished Spring Data repository scanning in 23 ms. Found 7 JPA repository interfaces.
2023-11-13 13:06:13.740  INFO 47475 --- [main] o.s.b.w.embedded.tomcat.TomcatWebServer  : Tomcat initialized with port(s): 8080 (http)
2023-11-13 13:06:13.745  INFO 47475 --- [main] o.apache.catalina.core.StandardService   : Starting service [Tomcat]
2023-11-13 13:06:13.745  INFO 47475 --- [main] org.apache.catalina.core.StandardEngine  : Starting Servlet engine: [Apache Tomcat/9.0.65]
2023-11-13 13:06:13.788  INFO 47475 --- [main] o.a.c.c.C.[Tomcat].[localhost].[/]       : Initializing Spring embedded WebApplicationContext
2023-11-13 13:06:13.788  INFO 47475 --- [main] w.s.c.ServletWebServerApplicationContext : Root WebApplicationContext: initialization completed in 731 ms
2023-11-13 13:06:13.805  INFO 47475 --- [main] com.zaxxer.hikari.HikariDataSource       : HikariPool-1 - Starting...
2023-11-13 13:06:13.878  INFO 47475 --- [main] com.zaxxer.hikari.HikariDataSource       : HikariPool-1 - Start completed.
2023-11-13 13:06:13.883  INFO 47475 --- [main] o.s.b.a.h2.H2ConsoleAutoConfiguration    : H2 console available at '/h2-console'. Database available at 'jdbc:h2:mem:shopping'
2023-11-13 13:06:13.955  INFO 47475 --- [main] o.hibernate.jpa.internal.util.LogHelper  : HHH000204: Processing PersistenceUnitInfo [name: default]
2023-11-13 13:06:13.979  INFO 47475 --- [main] org.hibernate.Version                    : HHH000412: Hibernate ORM core version 5.6.10.Final
2023-11-13 13:06:14.050  INFO 47475 --- [main] o.hibernate.annotations.common.Version   : HCANN000001: Hibernate Commons Annotations {5.1.2.Final}
2023-11-13 13:06:14.088  INFO 47475 --- [main] org.hibernate.dialect.Dialect            : HHH000400: Using dialect: org.hibernate.dialect.H2Dialect
2023-11-13 13:06:14.412  INFO 47475 --- [main] o.h.e.t.j.p.i.JtaPlatformInitiator       : HHH000490: Using JtaPlatform implementation: [org.hibernate.engine.transaction.jta.platform.internal.NoJtaPlatform]
2023-11-13 13:06:14.415  INFO 47475 --- [main] j.LocalContainerEntityManagerFactoryBean : Initialized JPA EntityManagerFactory for persistence unit 'default'
2023-11-13 13:06:14.647  WARN 47475 --- [main] JpaBaseConfiguration$JpaWebConfiguration : spring.jpa.open-in-view is enabled by default. Therefore, database queries may be performed during view rendering. Explicitly configure spring.jpa.open-in-view to disable this warning
2023-11-13 13:06:14.969  INFO 47475 --- [main] o.s.s.web.DefaultSecurityFilterChain     : Will secure any request with [org.springframework.security.web.session.DisableEncodeUrlFilter@1a000fff, org.springframework.security.web.context.request.async.WebAsyncManagerIntegrationFilter@7c855ef0, org.springframework.security.web.context.SecurityContextPersistenceFilter@3b2114ce, org.springframework.security.web.header.HeaderWriterFilter@510e0dd2, org.springframework.security.web.authentication.logout.LogoutFilter@14c7ab73, org.springframework.security.web.authentication.www.BasicAuthenticationFilter@6cd1ee, org.springframework.security.web.savedrequest.RequestCacheAwareFilter@4a985388, org.springframework.security.web.servletapi.SecurityContextHolderAwareRequestFilter@15c8b75c, org.springframework.security.web.authentication.AnonymousAuthenticationFilter@3dedc8b8, org.springframework.security.web.session.SessionManagementFilter@7ec5d3e1, org.springframework.security.web.access.ExceptionTranslationFilter@359fd0a2, org.springframework.security.web.access.intercept.FilterSecurityInterceptor@3f908a10]
2023-11-13 13:06:15.072  INFO 47475 --- [main] o.s.b.w.embedded.tomcat.TomcatWebServer  : Tomcat started on port(s): 8080 (http) with context path ''
2023-11-13 13:06:15.397  INFO 47475 --- [main] c.c.s.SpringBootShoppingApplication      : Started SpringBootShoppingApplication in 7.559 seconds (JVM running for 7.729)
2023-11-13 13:06:23.895  INFO 47475 --- [http-nio-8080-exec-1] o.a.c.c.C.[Tomcat].[localhost].[/]       : Initializing Spring DispatcherServlet 'dispatcherServlet'
2023-11-13 13:06:23.895  INFO 47475 --- [http-nio-8080-exec-1] o.s.web.servlet.DispatcherServlet        : Initializing Servlet 'dispatcherServlet'
2023-11-13 13:06:23.896  INFO 47475 --- [http-nio-8080-exec-1] o.s.web.servlet.DispatcherServlet        : Completed initialization in 1 ms
2023-11-13 13:07:38.653  INFO 47475 --- [SpringApplicationShutdownHook] j.LocalContainerEntityManagerFactoryBean : Closing JPA EntityManagerFactory for persistence unit 'default'
2023-11-13 13:07:38.655  INFO 47475 --- [SpringApplicationShutdownHook] com.zaxxer.hikari.HikariDataSource       : HikariPool-1 - Shutdown initiated...
2023-11-13 13:07:38.657  INFO 47475 --- [SpringApplicationShutdownHook] com.zaxxer.hikari.HikariDataSource       : HikariPool-1 - Shutdown completed.
2023-11-13 13:07:45.747  INFO 47497 --- [main] c.c.s.SpringBootShoppingApplication      : Starting SpringBootShoppingApplication using Java 18.0.2.1 on Ashiths-MacBook-Air.local with PID 47497 (/Users/ashithvl/Github Projects/spring-boot-shopping/target/classes started by ashithvl in /Users/ashithvl/Github Projects/spring-boot-shopping)
2023-11-13 13:07:45.749  INFO 47497 --- [main] c.c.s.SpringBootShoppingApplication      : No active profile set, falling back to 1 default profile: "default"
2023-11-13 13:07:46.151  INFO 47497 --- [main] .s.d.r.c.RepositoryConfigurationDelegate : Bootstrapping Spring Data JPA repositories in DEFAULT mode.
2023-11-13 13:07:46.179  INFO 47497 --- [main] .s.d.r.c.RepositoryConfigurationDelegate : Finished Spring Data repository scanning in 24 ms. Found 7 JPA repository interfaces.
2023-11-13 13:07:46.479  INFO 47497 --- [main] o.s.b.w.embedded.tomcat.TomcatWebServer  : Tomcat initialized with port(s): 8080 (http)
2023-11-13 13:07:46.483  INFO 47497 --- [main] o.apache.catalina.core.StandardService   : Starting service [Tomcat]
2023-11-13 13:07:46.484  INFO 47497 --- [main] org.apache.catalina.core.StandardEngine  : Starting Servlet engine: [Apache Tomcat/9.0.65]
2023-11-13 13:07:46.526  INFO 47497 --- [main] o.a.c.c.C.[Tomcat].[localhost].[/]       : Initializing Spring embedded WebApplicationContext
2023-11-13 13:07:46.527  INFO 47497 --- [main] w.s.c.ServletWebServerApplicationContext : Root WebApplicationContext: initialization completed in 753 ms
2023-11-13 13:07:46.543  INFO 47497 --- [main] com.zaxxer.hikari.HikariDataSource       : HikariPool-1 - Starting...
2023-11-13 13:07:46.621  INFO 47497 --- [main] com.zaxxer.hikari.HikariDataSource       : HikariPool-1 - Start completed.
2023-11-13 13:07:46.626  INFO 47497 --- [main] o.s.b.a.h2.H2ConsoleAutoConfiguration    : H2 console available at '/h2-console'. Database available at 'jdbc:h2:mem:shopping'
2023-11-13 13:07:46.692  INFO 47497 --- [main] o.hibernate.jpa.internal.util.LogHelper  : HHH000204: Processing PersistenceUnitInfo [name: default]
2023-11-13 13:07:46.714  INFO 47497 --- [main] org.hibernate.Version                    : HHH000412: Hibernate ORM core version 5.6.10.Final
2023-11-13 13:07:46.782  INFO 47497 --- [main] o.hibernate.annotations.common.Version   : HCANN000001: Hibernate Commons Annotations {5.1.2.Final}
2023-11-13 13:07:46.821  INFO 47497 --- [main] org.hibernate.dialect.Dialect            : HHH000400: Using dialect: org.hibernate.dialect.H2Dialect
2023-11-13 13:07:47.150  INFO 47497 --- [main] o.h.e.t.j.p.i.JtaPlatformInitiator       : HHH000490: Using JtaPlatform implementation: [org.hibernate.engine.transaction.jta.platform.internal.NoJtaPlatform]
2023-11-13 13:07:47.153  INFO 47497 --- [main] j.LocalContainerEntityManagerFactoryBean : Initialized JPA EntityManagerFactory for persistence unit 'default'
2023-11-13 13:07:47.386  WARN 47497 --- [main] JpaBaseConfiguration$JpaWebConfiguration : spring.jpa.open-in-view is enabled by default. Therefore, database queries may be performed during view rendering. Explicitly configure spring.jpa.open-in-view to disable this warning
2023-11-13 13:07:47.702  INFO 47497 --- [main] o.s.s.web.DefaultSecurityFilterChain     : Will secure any request with [org.springframework.security.web.session.DisableEncodeUrlFilter@122a6078, org.springframework.security.web.context.request.async.WebAsyncManagerIntegrationFilter@6980fa39, org.springframework.security.web.context.SecurityContextPersistenceFilter@3b235623, org.springframework.security.web.header.HeaderWriterFilter@359fd0a2, org.springframework.security.web.authentication.logout.LogoutFilter@6037748a, org.springframework.security.web.authentication.www.BasicAuthenticationFilter@65fa1cd, org.springframework.security.web.savedrequest.RequestCacheAwareFilter@3b2114ce, org.springframework.security.web.servletapi.SecurityContextHolderAwareRequestFilter@6bab8290, org.springframework.security.web.authentication.AnonymousAuthenticationFilter@1a000fff, org.springframework.security.web.session.SessionManagementFilter@7def62d0, org.springframework.security.web.access.ExceptionTranslationFilter@6f51d1cc, org.springframework.security.web.access.intercept.FilterSecurityInterceptor@89dd102]
2023-11-13 13:07:47.807  INFO 47497 --- [main] o.s.b.w.embedded.tomcat.TomcatWebServer  : Tomcat started on port(s): 8080 (http) with context path ''
2023-11-13 13:07:48.120  INFO 47497 --- [main] c.c.s.SpringBootShoppingApplication      : Started SpringBootShoppingApplication in 7.569 seconds (JVM running for 7.738)
2023-11-13 13:07:54.467  INFO 47497 --- [http-nio-8080-exec-2] o.a.c.c.C.[Tomcat].[localhost].[/]       : Initializing Spring DispatcherServlet 'dispatcherServlet'
2023-11-13 13:07:54.467  INFO 47497 --- [http-nio-8080-exec-2] o.s.web.servlet.DispatcherServlet        : Initializing Servlet 'dispatcherServlet'
2023-11-13 13:07:54.469  INFO 47497 --- [http-nio-8080-exec-2] o.s.web.servlet.DispatcherServlet        : Completed initialization in 2 ms
